<?xml version="1.0" encoding="UTF-8"?>
<!-- Generated by org.testng.reporters.JUnitXMLReporter -->
<testsuite ignored="1" hostname="DESKTOP-U68A7E0" failures="0" tests="1" name="Default test" time="3.175" errors="0" timestamp="2026-02-09T18:46:38 PST">
  <testcase classname="com.DemoAPI2026.Tests.RegisterTest" name="loginTest" time="2.691"/>
  <testcase classname="com.DemoAPI2026.Tests.RegisterTest" name="registerUserTest" time="0.0">
    <ignored/>
  </testcase> <!-- registerUserTest -->
</testsuite> <!-- Default test -->
