<?xml version="1.0" encoding="UTF-8"?>
<testng-results ignored="0" total="2" passed="2" failed="0" skipped="0">
  <reporter-output>
  </reporter-output>
  <suite started-at="2026-02-10T06:25:08 PST" name="Suite" finished-at="2026-02-10T06:25:10 PST" duration-ms="2766">
    <groups>
    </groups>
    <test started-at="2026-02-10T06:25:08 PST" name="Test" finished-at="2026-02-10T06:25:10 PST" duration-ms="2766">
      <class name="com.DemoAPI2026.Tests.RegisterTest">
        <test-method is-config="true" signature="setup()[pri:0, instance:com.DemoAPI2026.Tests.RegisterTest@8458f04]" started-at="2026-02-10T06:25:08 PST" name="setup" finished-at="2026-02-10T06:25:08 PST" duration-ms="321" status="PASS">
          <reporter-output>
          </reporter-output>
        </test-method> <!-- setup -->
        <test-method signature="registerUserTest()[pri:1, instance:com.DemoAPI2026.Tests.RegisterTest@8458f04]" started-at="2026-02-10T06:25:08 PST" name="registerUserTest" finished-at="2026-02-10T06:25:10 PST" duration-ms="1548" status="PASS">
          <reporter-output>
          </reporter-output>
        </test-method> <!-- registerUserTest -->
        <test-method signature="loginTest()[pri:0, instance:com.DemoAPI2026.Tests.RegisterTest@8458f04]" started-at="2026-02-10T06:25:10 PST" name="loginTest" finished-at="2026-02-10T06:25:10 PST" depends-on-methods="com.DemoAPI2026.Tests.RegisterTest.registerUserTest" duration-ms="810" status="PASS">
          <reporter-output>
          </reporter-output>
        </test-method> <!-- loginTest -->
      </class> <!-- com.DemoAPI2026.Tests.RegisterTest -->
    </test> <!-- Test -->
  </suite> <!-- Suite -->
</testng-results>
