<?xml version="1.0" encoding="UTF-8"?>
<testsuite xmlns:xsi="http://www.w3.org/2001/XMLSchema-instance" xsi:noNamespaceSchemaLocation="https://maven.apache.org/surefire/maven-surefire-plugin/xsd/surefire-test-report-3.0.xsd" version="3.0" name="TestSuite" time="3.341" tests="2" errors="0" skipped="0" failures="0">
  <properties>
[...]
</properties>
  <testcase name="registerUserTest" classname="com.DemoAPI2026.Tests.RegisterTest" time="1.513">
    <system-out><![CDATA[Base URI is: http://localhost:5000/api/auth
{"message":"Registered successfully as admin","role":"admin"}
]]></system-out>
    <system-err><![CDATA[SLF4J: Failed to load class "org.slf4j.impl.StaticLoggerBinder".
SLF4J: Defaulting to no-operation (NOP) logger implementation
SLF4J: See http://www.slf4j.org/codes.html#StaticLoggerBinder for further details.
]]></system-err>
  </testcase>
  <testcase name="loginTest" classname="com.DemoAPI2026.Tests.RegisterTest" time="0.809">
    <system-out><![CDATA[Access Token: eyJhbGciOiJIUzI1NiIsInR5cCI6IkpXVCJ9.eyJpZCI6IjY5OGIzZmM1NTBjNzA2ZGE1MWRjM2MwOSIsInJvbGUiOiJhZG1pbiIsImlhdCI6MTc3MDczMzUxMCwiZXhwIjoxNzcwNzM0NDEwfQ.DBJ_bfMJn3RrRQNg5sTPkh0oSdMUEX5BuXG7Y86v-ME
]]></system-out>
  </testcase>
</testsuite>