<?xml version="1.0" encoding="UTF-8"?>
<testng-results ignored="0" total="1" passed="1" failed="0" skipped="0">
  <reporter-output>
  </reporter-output>
  <suite started-at="2026-02-09T18:46:35 PST" name="Default suite" finished-at="2026-02-09T18:46:38 PST" duration-ms="3175">
    <groups>
    </groups>
    <test started-at="2026-02-09T18:46:35 PST" name="Default test" finished-at="2026-02-09T18:46:38 PST" duration-ms="3175">
      <class name="com.DemoAPI2026.Tests.RegisterTest">
        <test-method is-config="true" signature="setup()[pri:0, instance:com.DemoAPI2026.Tests.RegisterTest@58e1d9d]" started-at="2026-02-09T18:46:35 PST" name="setup" finished-at="2026-02-09T18:46:35 PST" duration-ms="362" status="PASS">
          <reporter-output>
          </reporter-output>
        </test-method> <!-- setup -->
        <test-method signature="loginTest()[pri:0, instance:com.DemoAPI2026.Tests.RegisterTest@58e1d9d]" started-at="2026-02-09T18:46:35 PST" name="loginTest" finished-at="2026-02-09T18:46:38 PST" duration-ms="2691" status="PASS">
          <reporter-output>
          </reporter-output>
        </test-method> <!-- loginTest -->
      </class> <!-- com.DemoAPI2026.Tests.RegisterTest -->
    </test> <!-- Default test -->
  </suite> <!-- Default suite -->
</testng-results>
