<?xml version="1.0" encoding="UTF-8"?>
<!-- Generated by org.testng.reporters.JUnitReportReporter -->
<testsuite hostname="DESKTOP-U68A7E0" failures="0" tests="2" name="com.DemoAPI2026.Tests.RegisterTest" time="2.358" errors="0" timestamp="2026-02-10T06:25:10 PST" skipped="0">
  <testcase classname="com.DemoAPI2026.Tests.RegisterTest" name="loginTest" time="0.810"/>
  <testcase classname="com.DemoAPI2026.Tests.RegisterTest" name="registerUserTest" time="1.548"/>
</testsuite> <!-- com.DemoAPI2026.Tests.RegisterTest -->
